TN:
SF:src/cherryOperations.js
FN:7,performApiCall
FN:30,updateDatabase
FN:44,delegateAgentTask
FN:57,simulateApiCall
FN:62,simulateDbUpdate
FN:66,simulateDelegateTask
FNF:6
FNH:6
FNDA:1,performApiCall
FNDA:1,updateDatabase
FNDA:1,delegateAgentTask
FNDA:1,simulateApiCall
FNDA:1,simulateDbUpdate
FNDA:1,simulateDelegateTask
DA:1,1
DA:8,1
DA:9,1
DA:10,1
DA:11,1
DA:12,1
DA:14,1
DA:15,1
DA:17,0
DA:18,0
DA:19,0
DA:21,0
DA:31,1
DA:33,1
DA:35,0
DA:36,0
DA:37,0
DA:45,1
DA:47,1
DA:49,0
DA:50,0
DA:51,0
DA:59,1
DA:63,1
DA:67,1
DA:69,1
DA:71,0
DA:75,1
LF:28
LH:17
BRDA:18,0,0,0
BRDA:18,0,1,0
BRDA:67,1,0,1
BRDA:67,1,1,0
BRF:4
BRH:1
end_of_record
